Using pre-set license
Built from '2020.3/staging' branch; Version is '2020.3.8f1 (507919d4fff5) revision 5273881'; Using compiler version '192528614'; Build Type 'Release'
OS: 'Windows 10 Pro; OS build 19042.1110; Version 2009; 64bit' Language: 'ru' Physical Memory: 8147 MB
BatchMode: 1, IsHumanControllingUs: 0, StartBugReporterOnCrash: 0, Is64bit: 1, IsPro: 0

 COMMAND LINE ARGUMENTS:
C:\Unity\Editor\Unity.exe
-adb2
-batchMode
-noUpm
-name
AssetImportWorker0
-projectPath
C:/Unity/Projects/Singularity of hearts
-logFile
Logs/AssetImportWorker0.log
-srvPort
57653
Successfully changed project path to: C:/Unity/Projects/Singularity of hearts
C:/Unity/Projects/Singularity of hearts
Using Asset Import Pipeline V2.
Refreshing native plugins compatible for Editor in 103.51 ms, found 1 plugins.
Preloading 0 native plugins for Editor in 0.00 ms.
Initialize engine version: 2020.3.8f1 (507919d4fff5)
[Subsystems] Discovering subsystems at path C:/Unity/Editor/Data/Resources/UnitySubsystems
[Subsystems] Discovering subsystems at path C:/Unity/Projects/Singularity of hearts/Assets
GfxDevice: creating device client; threaded=0
Direct3D:
    Version:  Direct3D 11.0 [level 11.0]
    Renderer: NVIDIA GeForce GTX 650 (ID=0xfc6)
    Vendor:   
    VRAM:     2007 MB
    Driver:   27.21.14.6192
Initialize mono
Mono path[0] = 'C:/Unity/Editor/Data/Managed'
Mono path[1] = 'C:/Unity/Editor/Data/MonoBleedingEdge/lib/mono/unityjit'
Mono config path = 'C:/Unity/Editor/Data/MonoBleedingEdge/etc'
Using monoOptions --debugger-agent=transport=dt_socket,embedding=1,server=y,suspend=n,address=127.0.0.1:56188
Begin MonoManager ReloadAssembly
Registering precompiled unity dll's ...
Register platform support module: C:/Unity/Editor/Data/PlaybackEngines/WindowsStandaloneSupport/UnityEditor.WindowsStandalone.Extensions.dll
Registered in 0.005594 seconds.
Native extension for WindowsStandalone target not found
Refreshing native plugins compatible for Editor in 109.54 ms, found 1 plugins.
Preloading 0 native plugins for Editor in 0.00 ms.
Mono: successfully reloaded assembly
- Completed reload, in  2.582 seconds
Platform modules already initialized, skipping
Registering precompiled user dll's ...
Registered in 0.002284 seconds.
Begin MonoManager ReloadAssembly
Native extension for WindowsStandalone target not found
Refreshing native plugins compatible for Editor in 101.68 ms, found 1 plugins.
Preloading 0 native plugins for Editor in 0.00 ms.
Mono: successfully reloaded assembly
- Completed reload, in  2.352 seconds
Platform modules already initialized, skipping
========================================================================
Worker process is ready to serve import requests
Launched and connected shader compiler UnityShaderCompiler.exe after 0.10 seconds
Refreshing native plugins compatible for Editor in 1.18 ms, found 1 plugins.
Preloading 0 native plugins for Editor in 0.00 ms.
Unloading 2574 Unused Serialized files (Serialized files now loaded: 0)
System memory in use before: 107.9 MB.
System memory in use after: 108.0 MB.

Unloading 24 unused Assets to reduce memory usage. Loaded Objects now: 3017.
Total: 4.949500 ms (FindLiveObjects: 0.940700 ms CreateObjectMapping: 0.313800 ms MarkObjects: 3.419600 ms  DeleteObjects: 0.273000 ms)

========================================================================
Received Import Request.
  path: Assets/Scenes/Glava 9.unity
  artifactKey: Guid(fee585cb427c925479f81be54354327b) Importer(815301076,1909f56bfc062723c751e8b465ee728b)
Start importing Assets/Scenes/Glava 9.unity using Guid(fee585cb427c925479f81be54354327b) Importer(815301076,1909f56bfc062723c751e8b465ee728b)  -> (artifact id: 'a08fa2e3cffd7e383f8de91590ebf266') in 0.042579 seconds
  Import took 0.051123 seconds .

========================================================================
Received Import Request.
  Time since last request: 38.683397 seconds.
  path: Assets/Scenes/Glava 9.unity
  artifactKey: Guid(fee585cb427c925479f81be54354327b) Importer(815301076,1909f56bfc062723c751e8b465ee728b)
Start importing Assets/Scenes/Glava 9.unity using Guid(fee585cb427c925479f81be54354327b) Importer(815301076,1909f56bfc062723c751e8b465ee728b)  -> (artifact id: '634f950cdcfe24dd7bddc98867467cf0') in 0.009530 seconds
  Import took 0.026057 seconds .

========================================================================
Received Import Request.
  Time since last request: 0.000657 seconds.
  path: Assets/Scenes/Glava 9.unity
  artifactKey: Guid(fee585cb427c925479f81be54354327b) Importer(815301076,1909f56bfc062723c751e8b465ee728b)
Start importing Assets/Scenes/Glava 9.unity using Guid(fee585cb427c925479f81be54354327b) Importer(815301076,1909f56bfc062723c751e8b465ee728b)  -> (artifact id: '634f950cdcfe24dd7bddc98867467cf0') in 0.008877 seconds
  Import took 0.017619 seconds .

AssetImportWorkerClient::OnTransportError - code=2 error=End of file
